c:\programming\gameengineprogramming\computergraphics\3d-renderer-opengl\debug\vc143.pdb
c:\programming\gameengineprogramming\computergraphics\3d-renderer-opengl\debug\vc143.idb
c:\programming\gameengineprogramming\computergraphics\3d-renderer-opengl\debug\stb_image.obj
c:\programming\gameengineprogramming\computergraphics\3d-renderer-opengl\debug\main.obj
c:\programming\gameengineprogramming\computergraphics\3d-renderer-opengl\debug\imgui_widgets.obj
c:\programming\gameengineprogramming\computergraphics\3d-renderer-opengl\debug\imgui_tables.obj
c:\programming\gameengineprogramming\computergraphics\3d-renderer-opengl\debug\imgui_impl_opengl3.obj
c:\programming\gameengineprogramming\computergraphics\3d-renderer-opengl\debug\imgui_impl_glfw.obj
c:\programming\gameengineprogramming\computergraphics\3d-renderer-opengl\debug\imgui_draw.obj
c:\programming\gameengineprogramming\computergraphics\3d-renderer-opengl\debug\imgui_demo.obj
c:\programming\gameengineprogramming\computergraphics\3d-renderer-opengl\debug\imgui.obj
c:\programming\gameengineprogramming\computergraphics\3d-renderer-opengl\debug\glm.obj
c:\programming\gameengineprogramming\computergraphics\3d-renderer-opengl\debug\3d-renderer-opengl.ilk
c:\programming\gameengineprogramming\computergraphics\3d-renderer-opengl\debug\3d-renderer-opengl.exe
c:\programming\gameengineprogramming\computergraphics\3d-renderer-opengl\debug\3d-renderer-opengl.pdb
c:\programming\gameengineprogramming\computergraphics\3d-renderer-opengl\debug\3d-rende.bbf7d3fd.tlog\cl.command.1.tlog
c:\programming\gameengineprogramming\computergraphics\3d-renderer-opengl\debug\3d-rende.bbf7d3fd.tlog\cl.items.tlog
c:\programming\gameengineprogramming\computergraphics\3d-renderer-opengl\debug\3d-rende.bbf7d3fd.tlog\cl.read.1.tlog
c:\programming\gameengineprogramming\computergraphics\3d-renderer-opengl\debug\3d-rende.bbf7d3fd.tlog\cl.write.1.tlog
c:\programming\gameengineprogramming\computergraphics\3d-renderer-opengl\debug\3d-rende.bbf7d3fd.tlog\link.command.1.tlog
c:\programming\gameengineprogramming\computergraphics\3d-renderer-opengl\debug\3d-rende.bbf7d3fd.tlog\link.read.1.tlog
c:\programming\gameengineprogramming\computergraphics\3d-renderer-opengl\debug\3d-rende.bbf7d3fd.tlog\link.write.1.tlog
